<?xml version="1.0" encoding="UTF-8"?>
<!-- Generated by org.testng.reporters.JUnitReportReporter -->
<testsuite name="com.devbrosweb.testcases.CustomerTest" tests="1" time="3.866" ignored="0" failures="0" timestamp="23 jun 2019 13:24:09 GMT" skipped="0" hostname="WINDOWS-74730O3" errors="0">
  <testcase name="addCustomerTest" time="3.866" classname="com.devbrosweb.testcases.CustomerTest"/>
</testsuite> <!-- com.devbrosweb.testcases.CustomerTest -->
